<?xml version="1.0" encoding="UTF-8"?>
<testng-results skipped="0" failed="0" total="1" passed="1">
  <reporter-output>
  </reporter-output>
  <suite name="Command line suite" duration-ms="51" started-at="2019-08-08T09:54:40Z" finished-at="2019-08-08T09:54:40Z">
    <groups>
    </groups>
    <test name="Command line test" duration-ms="51" started-at="2019-08-08T09:54:40Z" finished-at="2019-08-08T09:54:40Z">
      <class name="com.thbs.devops.JenkinsSelenium.AppTest">
        <test-method status="PASS" signature="testApp()[pri:0, instance:testApp(com.thbs.devops.JenkinsSelenium.AppTest)]" name="testApp" duration-ms="4" started-at="2019-08-08T15:24:40Z" finished-at="2019-08-08T15:24:40Z">
          <reporter-output>
          </reporter-output>
        </test-method> <!-- testApp -->
      </class> <!-- com.thbs.devops.JenkinsSelenium.AppTest -->
    </test> <!-- Command line test -->
  </suite> <!-- Command line suite -->
</testng-results>
