<?xml version="1.0" encoding="UTF-8"?>
<testng-results skipped="0" failed="0" total="1" passed="1">
  <reporter-output>
  </reporter-output>
  <suite name="Command line suite" duration-ms="29211" started-at="2019-08-08T09:54:10Z" finished-at="2019-08-08T09:54:39Z">
    <groups>
    </groups>
    <test name="Command line test" duration-ms="29211" started-at="2019-08-08T09:54:10Z" finished-at="2019-08-08T09:54:39Z">
      <class name="com.thbs.devops.JenkinsSelenium.NewTest">
        <test-method status="PASS" signature="beforeTest()[pri:0, instance:com.thbs.devops.JenkinsSelenium.NewTest@1324409e]" name="beforeTest" is-config="true" duration-ms="6" started-at="2019-08-08T15:24:10Z" finished-at="2019-08-08T15:24:10Z">
          <reporter-output>
          </reporter-output>
        </test-method> <!-- beforeTest -->
        <test-method status="PASS" signature="f()[pri:0, instance:com.thbs.devops.JenkinsSelenium.NewTest@1324409e]" name="f" duration-ms="29195" started-at="2019-08-08T15:24:10Z" finished-at="2019-08-08T15:24:39Z">
          <reporter-output>
          </reporter-output>
        </test-method> <!-- f -->
        <test-method status="PASS" signature="afterTest()[pri:0, instance:com.thbs.devops.JenkinsSelenium.NewTest@1324409e]" name="afterTest" is-config="true" duration-ms="1" started-at="2019-08-08T15:24:39Z" finished-at="2019-08-08T15:24:39Z">
          <reporter-output>
          </reporter-output>
        </test-method> <!-- afterTest -->
      </class> <!-- com.thbs.devops.JenkinsSelenium.NewTest -->
    </test> <!-- Command line test -->
  </suite> <!-- Command line suite -->
</testng-results>
