<?xml version="1.0" encoding="UTF-8"?>
<testng-results skipped="0" failed="0" total="1" passed="1">
  <reporter-output>
  </reporter-output>
  <suite name="Default suite" duration-ms="6438" started-at="2019-07-25T07:02:42Z" finished-at="2019-07-25T07:02:48Z">
    <groups>
    </groups>
    <test name="Default test" duration-ms="6438" started-at="2019-07-25T07:02:42Z" finished-at="2019-07-25T07:02:48Z">
      <class name="com.thbs.devops.JenkinsSelenium.NewTest">
        <test-method status="PASS" signature="beforeTest()[pri:0, instance:com.thbs.devops.JenkinsSelenium.NewTest@68c4039c]" name="beforeTest" is-config="true" duration-ms="7" started-at="2019-07-25T12:32:42Z" finished-at="2019-07-25T12:32:42Z">
          <reporter-output>
          </reporter-output>
        </test-method> <!-- beforeTest -->
        <test-method status="PASS" signature="f()[pri:0, instance:com.thbs.devops.JenkinsSelenium.NewTest@68c4039c]" name="f" duration-ms="6422" started-at="2019-07-25T12:32:42Z" finished-at="2019-07-25T12:32:48Z">
          <reporter-output>
          </reporter-output>
        </test-method> <!-- f -->
        <test-method status="PASS" signature="afterTest()[pri:0, instance:com.thbs.devops.JenkinsSelenium.NewTest@68c4039c]" name="afterTest" is-config="true" duration-ms="0" started-at="2019-07-25T12:32:48Z" finished-at="2019-07-25T12:32:48Z">
          <reporter-output>
          </reporter-output>
        </test-method> <!-- afterTest -->
      </class> <!-- com.thbs.devops.JenkinsSelenium.NewTest -->
    </test> <!-- Default test -->
  </suite> <!-- Default suite -->
</testng-results>
